\BOOKMARK [0][-]{chapter*.1}{About this Book}{}% 1
\BOOKMARK [0][-]{chapter*.2}{Acknowledgments}{}% 2
\BOOKMARK [-1][-]{part.1}{I Basic Concepts}{}% 3
\BOOKMARK [0][-]{chapter.1}{What Is Logic?}{part.1}% 4
\BOOKMARK [1][-]{section.1.1}{Introduction}{chapter.1}% 5
\BOOKMARK [1][-]{section.1.2}{Statement, Argument, Premise, Conclusion}{chapter.1}% 6
\BOOKMARK [1][-]{section*.3}{Practice Exercises}{chapter.1}% 7
\BOOKMARK [1][-]{section.1.3}{Arguments and Nonarguments}{chapter.1}% 8
\BOOKMARK [1][-]{section*.7}{Practice Exercises}{chapter.1}% 9
\BOOKMARK [1][-]{section.1.4}{Arguments and Explanations}{chapter.1}% 10
\BOOKMARK [1][-]{section*.8}{Practice Exercises}{chapter.1}% 11
\BOOKMARK [0][-]{chapter.2}{The Basics of Evaluating Argument}{part.1}% 12
\BOOKMARK [1][-]{section.2.1}{Two Ways an Argument Can Go Wrong}{chapter.2}% 13
\BOOKMARK [1][-]{section.2.2}{Valid, Sound}{chapter.2}% 14
\BOOKMARK [1][-]{section*.10}{Practice Exercises}{chapter.2}% 15
\BOOKMARK [1][-]{section.2.3}{Strong, Cogent, Deductive, Inductive}{chapter.2}% 16
\BOOKMARK [1][-]{section*.11}{Practice Exercises}{chapter.2}% 17
\BOOKMARK [0][-]{chapter.3}{What is Formal Logic?}{part.1}% 18
\BOOKMARK [1][-]{section.3.1}{Formal as in Concerned with the Form of Things}{chapter.3}% 19
\BOOKMARK [1][-]{section.3.2}{Formal as in Strictly Following Rules}{chapter.3}% 20
\BOOKMARK [1][-]{section.3.3}{More Logical Notions for Formal Logic}{chapter.3}% 21
\BOOKMARK [1][-]{section*.17}{Practice Exercises}{chapter.3}% 22
\BOOKMARK [-1][-]{part.2}{II Categorical Logic}{}% 23
\BOOKMARK [0][-]{chapter.4}{Categorical Statements}{part.2}% 24
\BOOKMARK [1][-]{section.4.1}{Quantified Categorical Statements}{chapter.4}% 25
\BOOKMARK [1][-]{section*.19}{Practice Exercises}{chapter.4}% 26
\BOOKMARK [1][-]{section.4.2}{Quantity, Quality, Distribution, and Venn Diagrams}{chapter.4}% 27
\BOOKMARK [1][-]{section*.20}{Practice Exercises}{chapter.4}% 28
\BOOKMARK [1][-]{section.4.3}{Transforming English into Logically Structured English}{chapter.4}% 29
\BOOKMARK [1][-]{section*.24}{Practice Exercises}{chapter.4}% 30
\BOOKMARK [1][-]{section.4.4}{Conversion, Obversion, and Contraposition}{chapter.4}% 31
\BOOKMARK [1][-]{section*.29}{Practice Exercises}{chapter.4}% 32
\BOOKMARK [1][-]{section.4.5}{The Traditional Square of Opposition}{chapter.4}% 33
\BOOKMARK [1][-]{section*.30}{Practice Exercises}{chapter.4}% 34
\BOOKMARK [1][-]{section.4.6}{Existential Import and the Modern Square of Opposition}{chapter.4}% 35
\BOOKMARK [1][-]{section*.31}{Practice Exercises}{chapter.4}% 36
\BOOKMARK [0][-]{chapter.5}{Categorical Syllogisms}{part.2}% 37
\BOOKMARK [1][-]{section.5.1}{Standard Form, Mood, and Figure}{chapter.5}% 38
\BOOKMARK [1][-]{section*.33}{Practice Exercises}{chapter.5}% 39
\BOOKMARK [1][-]{section.5.2}{Testing Validity}{chapter.5}% 40
\BOOKMARK [1][-]{section*.36}{Practice Exercises}{chapter.5}% 41
\BOOKMARK [1][-]{section.5.3}{Existential Import and Conditionally Valid Forms}{chapter.5}% 42
\BOOKMARK [1][-]{section*.37}{Practice Exercises}{chapter.5}% 43
\BOOKMARK [1][-]{section.5.4}{Rules and Fallacies}{chapter.5}% 44
\BOOKMARK [1][-]{section*.40}{Practice Exercises}{chapter.5}% 45
\BOOKMARK [-1][-]{part.3}{III Sentential Logic}{}% 46
\BOOKMARK [0][-]{chapter.6}{Sentential Logic}{part.3}% 47
\BOOKMARK [1][-]{section.6.1}{Sentence Letters}{chapter.6}% 48
\BOOKMARK [1][-]{section.6.2}{Sentential Connectives}{chapter.6}% 49
\BOOKMARK [1][-]{section.6.3}{More Complicated Translations}{chapter.6}% 50
\BOOKMARK [1][-]{section.6.4}{Recursive Syntax for SL}{chapter.6}% 51
\BOOKMARK [1][-]{section*.52}{Practice Exercises}{chapter.6}% 52
\BOOKMARK [0][-]{chapter.7}{Truth Tables}{part.3}% 53
\BOOKMARK [1][-]{section.7.1}{Basic Concepts}{chapter.7}% 54
\BOOKMARK [1][-]{section.7.2}{Complete Truth Tables}{chapter.7}% 55
\BOOKMARK [1][-]{section*.54}{Practice Exercises}{chapter.7}% 56
\BOOKMARK [1][-]{section.7.3}{Using Truth Tables}{chapter.7}% 57
\BOOKMARK [1][-]{section*.59}{Practice Exercises}{chapter.7}% 58
\BOOKMARK [1][-]{section.7.4}{Partial Truth Tables}{chapter.7}% 59
\BOOKMARK [1][-]{section*.60}{Practice Exercises}{chapter.7}% 60
\BOOKMARK [1][-]{section.7.5}{Expressive Completeness}{chapter.7}% 61
\BOOKMARK [1][-]{section*.61}{Practice Exercises}{chapter.7}% 62
\BOOKMARK [0][-]{chapter.8}{Proofs in Sentential Logic}{part.3}% 63
\BOOKMARK [1][-]{section.8.1}{Substitution Instances and Proofs}{chapter.8}% 64
\BOOKMARK [1][-]{section*.63}{Practice Exercises}{chapter.8}% 65
\BOOKMARK [1][-]{section.8.2}{Basic Rules for Sentential Logic}{chapter.8}% 66
\BOOKMARK [1][-]{section*.69}{Practice Exercises}{chapter.8}% 67
\BOOKMARK [1][-]{section.8.3}{Conditional Proof}{chapter.8}% 68
\BOOKMARK [1][-]{section*.72}{Practice Exercises}{chapter.8}% 69
\BOOKMARK [1][-]{section.8.4}{Indirect Proof}{chapter.8}% 70
\BOOKMARK [1][-]{section*.73}{Practice Exercises}{chapter.8}% 71
\BOOKMARK [0][-]{appendix.A}{Bibliography}{part.3}% 72
\BOOKMARK [0][-]{appendix.B}{Glossary}{part.3}% 73
